Arguments: 
  /Users/hzy/.nvm/versions/node/v11.13.0/bin/node /usr/local/Cellar/yarn/1.15.2/libexec/bin/yarn.js

PATH: 
  /Users/hzy/.rvm/gems/ruby-2.6.0/bin:/Users/hzy/.rvm/gems/ruby-2.6.0@global/bin:/Users/hzy/.rvm/rubies/ruby-2.6.0/bin:/Users/hzy/.nvm/versions/node/v11.13.0/bin:/usr/local/bin:/usr/bin:/bin:/usr/sbin:/sbin:/Applications/VMware Fusion.app/Contents/Public:/Users/hzy/.rvm/gems/ruby-2.6.0/bin:/Users/hzy/.rvm/gems/ruby-2.6.0@global/bin:/Users/hzy/.rvm/rubies/ruby-2.6.0/bin:/Users/hzy/.nvm/versions/node/v11.13.0/bin:/Users/hzy/.rvm/bin

Yarn version: 
  1.15.2

Node version: 
  11.13.0

Platform: 
  darwin x64

Trace: 
  SyntaxError: /Users/hzy/myfiles/myProject/blog-view/package.json: Unexpected token s in JSON at position 764
      at JSON.parse (<anonymous>)
      at /usr/local/Cellar/yarn/1.15.2/libexec/lib/cli.js:1625:59
      at Generator.next (<anonymous>)
      at step (/usr/local/Cellar/yarn/1.15.2/libexec/lib/cli.js:304:30)
      at /usr/local/Cellar/yarn/1.15.2/libexec/lib/cli.js:315:13

npm manifest: 
  {
    "name": "blog-view",
    "version": "1.0.0",
    "main": "index.js",
    "scripts": {
      "build": "webpack --config webpack.common.config.js",
      "dev": "webpack-dev-server --config webpack.dev.config.js"
    },
    "repository": "https://github.com/Ryanhz/blog-view",
    "author": "韩争锋 <1810022686@qq.com>",
    "license": "MIT",
    "dependencies": {
      "@fortawesome/fontawesome": "^1.1.8",
      "@fortawesome/react-fontawesome": "^0.1.4",
      "axios": "^0.18.0",
      "bootstrap": "^4.3.1",
      "marked": "^0.6.1",
      "npm": "^6.9.0",
      "react": "^16.8.4",
      "react-bootstrap": "^1.0.0-beta.6",
      "react-dom": "^16.8.4",
      "react-redux": "^6.0.1",
      "react-router": "^4.4.0",
      "react-router-dom": "^5.0.0",
      "redux": "^4.0.1",
      "redux-saga": "^1.0.2"s
    },
    "devDependencies": {
      "@svgr/webpack": "^4.1.0",
      "@types/axios": "^0.14.0",
      "@types/marked": "^0.6.3",
      "@types/node": "^11.11.3",
      "@types/react": "^16.8.8",
      "@types/react-dom": "^16.8.2",
      "@types/react-redux": "^7.0.3",
      "@types/react-router": "^4.4.5",
      "@types/react-router-dom": "^4.3.1",
      "autoprefixer": "^9.5.0",
      "awesome-typescript-loader": "^5.2.1",
      "babel-plugin-import": "^1.11.0",
      "css-loader": "^2.1.1",
      "csstype": "^2.6.3",
      "file-loader": "^3.0.1",
      "html-webpack-plugin": "^3.2.0",
      "less": "^3.9.0",
      "less-loader": "^4.1.0",
      "node-sass": "^4.11.0",
      "postcss-loader": "^3.0.0",
      "sass-loader": "^7.1.0",
      "source-map-loader": "^0.2.4",
      "style-loader": "^0.23.1",
      "ts-import-plugin": "^1.5.5",
      "ts-loader": "^5.3.3",
      "typescript": "^3.3.3333",
      "url-loader": "^1.1.2",
      "webpack": "^4.29.6",
      "webpack-cli": "^3.2.3",
      "webpack-dev-server": "^3.2.1"
    }
  }

yarn manifest: 
  No manifest

Lockfile: 
  No lockfile
